2024-10-28 22:32:28,712 - root - INFO - Starting crawler AlonhadatWebCrawler
2024-10-28 22:32:28,715 - Alonhadat_Webcrawler - INFO - Initialized batdongsan.com.vn with 2 pages and base URL: https://alonhadat.com.vn/nha-dat/can-ban.html
2024-10-28 22:32:58,783 - Alonhadat_Webcrawler - INFO - Process ended with total of 2 pages
2024-10-28 22:33:00,198 - Alonhadat_Webcrawler - INFO - Extracting from: https://alonhadat.com.vn/ban-nha-dep-bach-mai-30m-ra-pho-4-tang-35m2-5-3-ty-15339608.html
2024-10-28 22:33:20,342 - Alonhadat_Webcrawler - INFO - Extracting from: https://alonhadat.com.vn/-ban-gap-nha-ngay-cho-binh-chanh-dang-cho-thue-7-5tr-th-120m2-630tr-15300231.html
2024-10-28 22:33:42,632 - Alonhadat_Webcrawler - INFO - Extracting from: https://alonhadat.com.vn/cat-lo-nen-dat-2800m2-tho-cu-shr-290-trieu-gia-bao-so-mt-duong-tinh-lo-canh-cho-uy-ban-14247377.html
2024-10-28 22:34:04,677 - Alonhadat_Webcrawler - INFO - Extracting from: https://alonhadat.com.vn/vietinbank-bao-lanh-thanh-toan-0-dong-den-khi-nhan-nha-peninsula-dn-chiet-khau-18-1ty45-15342950.html
2024-10-28 22:34:25,361 - Alonhadat_Webcrawler - INFO - Extracting from: https://alonhadat.com.vn/ban-nha-mat-tien-dang-kinh-doanh-88-4m2-gia-900tr-ngay-sau-cho-so-hong-rieng-14143306.html
2024-10-28 22:34:45,331 - Alonhadat_Webcrawler - INFO - Extracting from: https://alonhadat.com.vn/vip-cau-giay-toa-nha-van-phong-2-mat-thoang-dt-117m2x-10t-mt-9-6m-gia-70-ty-co-bot-15351778.html
2024-10-28 22:35:05,208 - Alonhadat_Webcrawler - INFO - Extracting from: https://alonhadat.com.vn/nha-2-tang-mat-tien-duong-3-thang-2-gia-giam-manh-15350794.html
2024-10-28 22:35:28,751 - Alonhadat_Webcrawler - INFO - Extracting from: https://alonhadat.com.vn/ban-nha-binh-tri-dong-55m2-5x11m-btct-nhinh-4-ty-15276197.html
2024-10-28 22:35:57,909 - Alonhadat_Webcrawler - ERROR - Error occurred while extracting data from page https://alonhadat.com.vn/ban-nha-binh-tri-dong-55m2-5x11m-btct-nhinh-4-ty-15276197.html: Message: no such element: Unable to locate element: {"method":"xpath","selector":"//div[@class='address']//span[@class='value']"}
  (Session info: chrome=130.0.6723.70); For documentation on this error, please visit: https://www.selenium.dev/documentation/webdriver/troubleshooting/errors#no-such-element-exception
Stacktrace:
	GetHandleVerifier [0x00007FF73ABD3AB5+28005]
	(No symbol) [0x00007FF73AB383B0]
	(No symbol) [0x00007FF73A9D580A]
	(No symbol) [0x00007FF73AA25A3E]
	(No symbol) [0x00007FF73AA25D2C]
	(No symbol) [0x00007FF73AA6EA97]
	(No symbol) [0x00007FF73AA4BA7F]
	(No symbol) [0x00007FF73AA6B8B3]
	(No symbol) [0x00007FF73AA4B7E3]
	(No symbol) [0x00007FF73AA175C8]
	(No symbol) [0x00007FF73AA18731]
	GetHandleVerifier [0x00007FF73AEC643D+3118829]
	GetHandleVerifier [0x00007FF73AF16C90+3448640]
	GetHandleVerifier [0x00007FF73AF0CF0D+3408317]
	GetHandleVerifier [0x00007FF73AC9A40B+841403]
	(No symbol) [0x00007FF73AB4340F]
	(No symbol) [0x00007FF73AB3F484]
	(No symbol) [0x00007FF73AB3F61D]
	(No symbol) [0x00007FF73AB2EB79]
	BaseThreadInitThunk [0x00007FFA7F177374+20]
	RtlUserThreadStart [0x00007FFA8025CC91+33]

2024-10-28 22:36:05,515 - Alonhadat_Webcrawler - INFO - Extracting from: https://alonhadat.com.vn/ban-nha-binh-tri-dong-55m2-5x11m-btct-nhinh-4-ty-15276197.html
2024-10-28 22:36:31,290 - Alonhadat_Webcrawler - ERROR - Error occurred while extracting data from page https://alonhadat.com.vn/ban-nha-binh-tri-dong-55m2-5x11m-btct-nhinh-4-ty-15276197.html: Message: no such element: Unable to locate element: {"method":"xpath","selector":"//div[@class='address']//span[@class='value']"}
  (Session info: chrome=130.0.6723.70); For documentation on this error, please visit: https://www.selenium.dev/documentation/webdriver/troubleshooting/errors#no-such-element-exception
Stacktrace:
	GetHandleVerifier [0x00007FF73ABD3AB5+28005]
	(No symbol) [0x00007FF73AB383B0]
	(No symbol) [0x00007FF73A9D580A]
	(No symbol) [0x00007FF73AA25A3E]
	(No symbol) [0x00007FF73AA25D2C]
	(No symbol) [0x00007FF73AA6EA97]
	(No symbol) [0x00007FF73AA4BA7F]
	(No symbol) [0x00007FF73AA6B8B3]
	(No symbol) [0x00007FF73AA4B7E3]
	(No symbol) [0x00007FF73AA175C8]
	(No symbol) [0x00007FF73AA18731]
	GetHandleVerifier [0x00007FF73AEC643D+3118829]
	GetHandleVerifier [0x00007FF73AF16C90+3448640]
	GetHandleVerifier [0x00007FF73AF0CF0D+3408317]
	GetHandleVerifier [0x00007FF73AC9A40B+841403]
	(No symbol) [0x00007FF73AB4340F]
	(No symbol) [0x00007FF73AB3F484]
	(No symbol) [0x00007FF73AB3F61D]
	(No symbol) [0x00007FF73AB2EB79]
	BaseThreadInitThunk [0x00007FFA7F177374+20]
	RtlUserThreadStart [0x00007FFA8025CC91+33]

2024-10-28 22:36:38,959 - Alonhadat_Webcrawler - INFO - Extracting from: https://alonhadat.com.vn/ban-nha-binh-tri-dong-55m2-5x11m-btct-nhinh-4-ty-15276197.html
2024-10-28 22:37:04,727 - Alonhadat_Webcrawler - ERROR - Error occurred while extracting data from page https://alonhadat.com.vn/ban-nha-binh-tri-dong-55m2-5x11m-btct-nhinh-4-ty-15276197.html: Message: no such element: Unable to locate element: {"method":"xpath","selector":"//div[@class='address']//span[@class='value']"}
  (Session info: chrome=130.0.6723.70); For documentation on this error, please visit: https://www.selenium.dev/documentation/webdriver/troubleshooting/errors#no-such-element-exception
Stacktrace:
	GetHandleVerifier [0x00007FF73ABD3AB5+28005]
	(No symbol) [0x00007FF73AB383B0]
	(No symbol) [0x00007FF73A9D580A]
	(No symbol) [0x00007FF73AA25A3E]
	(No symbol) [0x00007FF73AA25D2C]
	(No symbol) [0x00007FF73AA6EA97]
	(No symbol) [0x00007FF73AA4BA7F]
	(No symbol) [0x00007FF73AA6B8B3]
	(No symbol) [0x00007FF73AA4B7E3]
	(No symbol) [0x00007FF73AA175C8]
	(No symbol) [0x00007FF73AA18731]
	GetHandleVerifier [0x00007FF73AEC643D+3118829]
	GetHandleVerifier [0x00007FF73AF16C90+3448640]
	GetHandleVerifier [0x00007FF73AF0CF0D+3408317]
	GetHandleVerifier [0x00007FF73AC9A40B+841403]
	(No symbol) [0x00007FF73AB4340F]
	(No symbol) [0x00007FF73AB3F484]
	(No symbol) [0x00007FF73AB3F61D]
	(No symbol) [0x00007FF73AB2EB79]
	BaseThreadInitThunk [0x00007FFA7F177374+20]
	RtlUserThreadStart [0x00007FFA8025CC91+33]

2024-10-28 22:37:04,729 - Alonhadat_Webcrawler - ERROR - Fail to extract: https://alonhadat.com.vn/ban-nha-binh-tri-dong-55m2-5x11m-btct-nhinh-4-ty-15276197.html - RetryError[<Future at 0x1e91d509650 state=finished raised NoSuchElementException>]
2024-10-28 22:37:06,160 - Alonhadat_Webcrawler - INFO - Extracting from: https://alonhadat.com.vn/ket-tien-ban-goc-2mt-1680m2-dat-duong-rong-18m-ngay-kcn-truong-hoc-cho-gia-240-trieu-so-15187892.html
2024-10-28 22:37:31,397 - Alonhadat_Webcrawler - ERROR - Error occurred while extracting data from page https://alonhadat.com.vn/ket-tien-ban-goc-2mt-1680m2-dat-duong-rong-18m-ngay-kcn-truong-hoc-cho-gia-240-trieu-so-15187892.html: Message: no such element: Unable to locate element: {"method":"xpath","selector":"//div[@class='address']//span[@class='value']"}
  (Session info: chrome=130.0.6723.70); For documentation on this error, please visit: https://www.selenium.dev/documentation/webdriver/troubleshooting/errors#no-such-element-exception
Stacktrace:
	GetHandleVerifier [0x00007FF73ABD3AB5+28005]
	(No symbol) [0x00007FF73AB383B0]
	(No symbol) [0x00007FF73A9D580A]
	(No symbol) [0x00007FF73AA25A3E]
	(No symbol) [0x00007FF73AA25D2C]
	(No symbol) [0x00007FF73AA6EA97]
	(No symbol) [0x00007FF73AA4BA7F]
	(No symbol) [0x00007FF73AA6B8B3]
	(No symbol) [0x00007FF73AA4B7E3]
	(No symbol) [0x00007FF73AA175C8]
	(No symbol) [0x00007FF73AA18731]
	GetHandleVerifier [0x00007FF73AEC643D+3118829]
	GetHandleVerifier [0x00007FF73AF16C90+3448640]
	GetHandleVerifier [0x00007FF73AF0CF0D+3408317]
	GetHandleVerifier [0x00007FF73AC9A40B+841403]
	(No symbol) [0x00007FF73AB4340F]
	(No symbol) [0x00007FF73AB3F484]
	(No symbol) [0x00007FF73AB3F61D]
	(No symbol) [0x00007FF73AB2EB79]
	BaseThreadInitThunk [0x00007FFA7F177374+20]
	RtlUserThreadStart [0x00007FFA8025CC91+33]

2024-10-28 22:37:39,005 - Alonhadat_Webcrawler - INFO - Extracting from: https://alonhadat.com.vn/ket-tien-ban-goc-2mt-1680m2-dat-duong-rong-18m-ngay-kcn-truong-hoc-cho-gia-240-trieu-so-15187892.html
2024-10-28 22:38:00,370 - Alonhadat_Webcrawler - INFO - Extracting from: https://alonhadat.com.vn/nha-moi-xay-tang-goi-noi-that-100tr-so-rieng-ngan-hang-cho-vay-70--15053795.html
2024-10-28 22:38:28,168 - Alonhadat_Webcrawler - INFO - Extracting from: https://alonhadat.com.vn/nha-vi-tri-dep-gia-tot-nhat-khu-vuc-binh-hung-hoa-b-duong-xe-tai-ngay-khu-cong-nghiep-15329375.html
2024-10-28 22:38:51,288 - Alonhadat_Webcrawler - INFO - Extracting from: https://alonhadat.com.vn/nha-quang-trung-go-vap-gan-san-bay-tan-son-nhat-za-5t5-15347921.html
2024-10-28 22:39:13,661 - Alonhadat_Webcrawler - INFO - Extracting from: https://alonhadat.com.vn/-dat-ngop-dau-tu-da-nganh-3-500m2-gia-105-trieu-sat-cho-ql-13-hay-goi-nhanh--14698153.html
2024-10-28 22:39:36,920 - Alonhadat_Webcrawler - INFO - Extracting from: https://alonhadat.com.vn/ban-nha-4-tang-mt-duong-dien-bien-phu-chinh-gian-thanh-khe-dt-5m-x-20m-gia-13-5-ty-tl-15349576.html
2024-10-28 22:39:56,742 - Alonhadat_Webcrawler - INFO - Extracting from: https://alonhadat.com.vn/tam-tien-hiem-cong-nang-qua-dinh-gia-qua-ngon-o-to-20m-khong-quy-hoach-15175334.html
2024-10-28 22:40:20,030 - Alonhadat_Webcrawler - INFO - Extracting from: https://alonhadat.com.vn/ban-gap-nha-dep-6-tang-thang-may-full-noi-that--15345867.html
2024-10-28 22:40:42,194 - Alonhadat_Webcrawler - INFO - Extracting from: https://alonhadat.com.vn/nha-moi-dap-hop-pho-minh-khai-gan-pho-gan-o-to-tien-ich-day-du-an-sinh-dinh--15121974.html
2024-10-28 22:41:02,191 - Alonhadat_Webcrawler - INFO - Extracting from: https://alonhadat.com.vn/biet-thu-mat-tien-nui-thanh-quan-hai-chau-tp-da-nang-110m-ngang-khung-6m-3-tang-3-14830837.html
2024-10-28 22:41:23,876 - Alonhadat_Webcrawler - INFO - Extracting from: https://alonhadat.com.vn/ket-tien-sang-gap-2200m2-dat-duong-18m-rong-thang-vao-khu-cong-nghiep-cho-gia-190-tr-so-15307902.html
2024-10-28 22:41:43,819 - Alonhadat_Webcrawler - INFO - Extracting from: https://alonhadat.com.vn/vo-no-ban-gap-2291m2-so-rieng-ngay-thi-xa-sat-cho-dan-dong-duong-18m-gia-290tr-14906534.html
2024-10-28 22:42:04,666 - root - INFO - Completed scraping AlonhadatWebCrawler
2024-10-28 22:42:04,667 - root - ERROR - An error occurred: dump() missing 1 required positional argument: 'fp'
2024-10-28 22:43:29,645 - root - INFO - Starting crawler AlonhadatWebCrawler
2024-10-28 22:43:29,648 - Alonhadat_Webcrawler - INFO - Initialized batdongsan.com.vn with 1 pages and base URL: https://alonhadat.com.vn/nha-dat/can-ban.html
2024-10-28 22:43:37,812 - Alonhadat_Webcrawler - INFO - Process ended with total of 1 pages
2024-10-28 22:43:39,219 - Alonhadat_Webcrawler - INFO - Extracting from: https://alonhadat.com.vn/-ban-gap-nha-ngay-cho-binh-chanh-dang-cho-thue-7-5tr-th-120m2-630tr-15300231.html
2024-10-28 22:44:00,155 - Alonhadat_Webcrawler - INFO - Extracting from: https://alonhadat.com.vn/-dat-ngop-dau-tu-da-nganh-3-500m2-gia-105-trieu-sat-cho-ql-13-hay-goi-nhanh--14698153.html
2024-10-28 22:44:22,145 - Alonhadat_Webcrawler - INFO - Extracting from: https://alonhadat.com.vn/ban-nha-dep-bach-mai-30m-ra-pho-4-tang-35m2-5-3-ty-15339608.html
2024-10-28 22:44:42,069 - Alonhadat_Webcrawler - INFO - Extracting from: https://alonhadat.com.vn/cat-lo-nen-dat-2800m2-tho-cu-shr-290-trieu-gia-bao-so-mt-duong-tinh-lo-canh-cho-uy-ban-14247377.html
2024-10-28 22:45:01,865 - Alonhadat_Webcrawler - INFO - Extracting from: https://alonhadat.com.vn/vietinbank-bao-lanh-thanh-toan-0-dong-den-khi-nhan-nha-peninsula-dn-chiet-khau-18-1ty45-15342950.html
2024-10-28 22:45:25,496 - Alonhadat_Webcrawler - INFO - Extracting from: https://alonhadat.com.vn/ban-nha-mat-tien-dang-kinh-doanh-88-4m2-gia-900tr-ngay-sau-cho-so-hong-rieng-14143306.html
2024-10-28 22:45:45,553 - Alonhadat_Webcrawler - INFO - Extracting from: https://alonhadat.com.vn/vip-cau-giay-toa-nha-van-phong-2-mat-thoang-dt-117m2x-10t-mt-9-6m-gia-70-ty-co-bot-15351778.html
2024-10-28 22:46:06,222 - Alonhadat_Webcrawler - INFO - Extracting from: https://alonhadat.com.vn/nha-2-tang-mat-tien-duong-3-thang-2-gia-giam-manh-15350794.html
2024-10-28 22:46:26,414 - Alonhadat_Webcrawler - INFO - Extracting from: https://alonhadat.com.vn/ban-nha-binh-tri-dong-55m2-5x11m-btct-nhinh-4-ty-15276197.html
2024-10-28 22:46:47,833 - Alonhadat_Webcrawler - INFO - Extracting from: https://alonhadat.com.vn/ket-tien-ban-goc-2mt-1680m2-dat-duong-rong-18m-ngay-kcn-truong-hoc-cho-gia-240-trieu-so-15187892.html
2024-10-28 22:47:10,831 - Alonhadat_Webcrawler - INFO - Extracting from: https://alonhadat.com.vn/nha-moi-xay-tang-goi-noi-that-100tr-so-rieng-ngan-hang-cho-vay-70--15053795.html
2024-10-28 22:47:31,546 - Alonhadat_Webcrawler - INFO - Extracting from: https://alonhadat.com.vn/nha-quang-trung-go-vap-gan-san-bay-tan-son-nhat-za-5t5-15347921.html
2024-10-28 22:47:56,762 - Alonhadat_Webcrawler - INFO - Extracting from: https://alonhadat.com.vn/nha-vi-tri-dep-gia-tot-nhat-khu-vuc-binh-hung-hoa-b-duong-xe-tai-ngay-khu-cong-nghiep-15329375.html
2024-10-28 22:48:16,682 - Alonhadat_Webcrawler - INFO - Extracting from: https://alonhadat.com.vn/ban-nha-4-tang-mt-duong-dien-bien-phu-chinh-gian-thanh-khe-dt-5m-x-20m-gia-13-5-ty-tl-15349576.html
2024-10-28 22:48:39,935 - Alonhadat_Webcrawler - INFO - Extracting from: https://alonhadat.com.vn/tam-tien-hiem-cong-nang-qua-dinh-gia-qua-ngon-o-to-20m-khong-quy-hoach-15175334.html
2024-10-28 22:49:04,970 - Alonhadat_Webcrawler - INFO - Extracting from: https://alonhadat.com.vn/ban-gap-nha-dep-6-tang-thang-may-full-noi-that--15345867.html
2024-10-28 22:49:24,846 - Alonhadat_Webcrawler - INFO - Extracting from: https://alonhadat.com.vn/nha-moi-dap-hop-pho-minh-khai-gan-pho-gan-o-to-tien-ich-day-du-an-sinh-dinh--15121974.html
2024-10-28 22:49:47,232 - Alonhadat_Webcrawler - INFO - Extracting from: https://alonhadat.com.vn/biet-thu-mat-tien-nui-thanh-quan-hai-chau-tp-da-nang-110m-ngang-khung-6m-3-tang-3-14830837.html
2024-10-28 22:50:07,084 - Alonhadat_Webcrawler - INFO - Extracting from: https://alonhadat.com.vn/ket-tien-sang-gap-2200m2-dat-duong-18m-rong-thang-vao-khu-cong-nghiep-cho-gia-190-tr-so-15307902.html
2024-10-28 22:50:29,172 - Alonhadat_Webcrawler - INFO - Extracting from: https://alonhadat.com.vn/vo-no-ban-gap-2291m2-so-rieng-ngay-thi-xa-sat-cho-dan-dong-duong-18m-gia-290tr-14906534.html
2024-10-28 22:50:50,683 - root - INFO - Completed scraping AlonhadatWebCrawler
2024-10-28 22:50:50,687 - root - INFO - Data saved to data/alonhatdat.json
2024-10-28 22:51:38,094 - root - INFO - Starting crawler AlonhadatWebCrawler
2024-10-28 22:51:38,096 - Alonhadat_Webcrawler - INFO - Initialized batdongsan.com.vn with 1 pages and base URL: https://alonhadat.com.vn/nha-dat/can-ban.html
2024-10-28 22:51:46,623 - Alonhadat_Webcrawler - INFO - Process ended with total of 1 pages
2024-10-28 22:51:48,100 - Alonhadat_Webcrawler - INFO - Extracting from: https://alonhadat.com.vn/-ban-gap-nha-ngay-cho-binh-chanh-dang-cho-thue-7-5tr-th-120m2-630tr-15300231.html
2024-10-28 22:52:11,522 - Alonhadat_Webcrawler - INFO - Extracting from: https://alonhadat.com.vn/-dat-ngop-dau-tu-da-nganh-3-500m2-gia-105-trieu-sat-cho-ql-13-hay-goi-nhanh--14698153.html
2024-10-28 22:52:33,019 - Alonhadat_Webcrawler - INFO - Extracting from: https://alonhadat.com.vn/ban-nha-dep-bach-mai-30m-ra-pho-4-tang-35m2-5-3-ty-15339608.html
2024-10-28 22:52:55,870 - Alonhadat_Webcrawler - INFO - Extracting from: https://alonhadat.com.vn/cat-lo-nen-dat-2800m2-tho-cu-shr-290-trieu-gia-bao-so-mt-duong-tinh-lo-canh-cho-uy-ban-14247377.html
2024-10-28 22:53:19,190 - Alonhadat_Webcrawler - INFO - Extracting from: https://alonhadat.com.vn/vietinbank-bao-lanh-thanh-toan-0-dong-den-khi-nhan-nha-peninsula-dn-chiet-khau-18-1ty45-15342950.html
2024-10-28 22:53:39,119 - Alonhadat_Webcrawler - INFO - Extracting from: https://alonhadat.com.vn/ban-nha-mat-tien-dang-kinh-doanh-88-4m2-gia-900tr-ngay-sau-cho-so-hong-rieng-14143306.html
2024-10-28 22:54:00,380 - Alonhadat_Webcrawler - INFO - Extracting from: https://alonhadat.com.vn/vip-cau-giay-toa-nha-van-phong-2-mat-thoang-dt-117m2x-10t-mt-9-6m-gia-70-ty-co-bot-15351778.html
2024-10-28 22:54:21,439 - Alonhadat_Webcrawler - INFO - Extracting from: https://alonhadat.com.vn/nha-2-tang-mat-tien-duong-3-thang-2-gia-giam-manh-15350794.html
2024-10-28 22:54:44,924 - Alonhadat_Webcrawler - INFO - Extracting from: https://alonhadat.com.vn/ban-nha-binh-tri-dong-55m2-5x11m-btct-nhinh-4-ty-15276197.html
2024-10-28 22:55:04,912 - Alonhadat_Webcrawler - INFO - Extracting from: https://alonhadat.com.vn/ket-tien-ban-goc-2mt-1680m2-dat-duong-rong-18m-ngay-kcn-truong-hoc-cho-gia-240-trieu-so-15187892.html
2024-10-28 22:55:26,623 - Alonhadat_Webcrawler - INFO - Extracting from: https://alonhadat.com.vn/nha-moi-xay-tang-goi-noi-that-100tr-so-rieng-ngan-hang-cho-vay-70--15053795.html
2024-10-28 22:55:46,664 - Alonhadat_Webcrawler - INFO - Extracting from: https://alonhadat.com.vn/nha-quang-trung-go-vap-gan-san-bay-tan-son-nhat-za-5t5-15347921.html
2024-10-28 22:56:08,792 - Alonhadat_Webcrawler - INFO - Extracting from: https://alonhadat.com.vn/nha-vi-tri-dep-gia-tot-nhat-khu-vuc-binh-hung-hoa-b-duong-xe-tai-ngay-khu-cong-nghiep-15329375.html
2024-10-28 22:56:31,719 - Alonhadat_Webcrawler - INFO - Extracting from: https://alonhadat.com.vn/ban-nha-4-tang-mt-duong-dien-bien-phu-chinh-gian-thanh-khe-dt-5m-x-20m-gia-13-5-ty-tl-15349576.html
2024-10-28 22:56:51,528 - Alonhadat_Webcrawler - INFO - Extracting from: https://alonhadat.com.vn/tam-tien-hiem-cong-nang-qua-dinh-gia-qua-ngon-o-to-20m-khong-quy-hoach-15175334.html
2024-10-28 22:57:12,826 - Alonhadat_Webcrawler - INFO - Extracting from: https://alonhadat.com.vn/ban-gap-nha-dep-6-tang-thang-may-full-noi-that--15345867.html
2024-10-28 22:57:40,103 - Alonhadat_Webcrawler - ERROR - Error occurred while extracting data from page https://alonhadat.com.vn/ban-gap-nha-dep-6-tang-thang-may-full-noi-that--15345867.html: Message: no such element: Unable to locate element: {"method":"xpath","selector":"//div[@class='address']//span[@class='value']"}
  (Session info: chrome=130.0.6723.70); For documentation on this error, please visit: https://www.selenium.dev/documentation/webdriver/troubleshooting/errors#no-such-element-exception
Stacktrace:
	GetHandleVerifier [0x00007FF73ABD3AB5+28005]
	(No symbol) [0x00007FF73AB383B0]
	(No symbol) [0x00007FF73A9D580A]
	(No symbol) [0x00007FF73AA25A3E]
	(No symbol) [0x00007FF73AA25D2C]
	(No symbol) [0x00007FF73AA6EA97]
	(No symbol) [0x00007FF73AA4BA7F]
	(No symbol) [0x00007FF73AA6B8B3]
	(No symbol) [0x00007FF73AA4B7E3]
	(No symbol) [0x00007FF73AA175C8]
	(No symbol) [0x00007FF73AA18731]
	GetHandleVerifier [0x00007FF73AEC643D+3118829]
	GetHandleVerifier [0x00007FF73AF16C90+3448640]
	GetHandleVerifier [0x00007FF73AF0CF0D+3408317]
	GetHandleVerifier [0x00007FF73AC9A40B+841403]
	(No symbol) [0x00007FF73AB4340F]
	(No symbol) [0x00007FF73AB3F484]
	(No symbol) [0x00007FF73AB3F61D]
	(No symbol) [0x00007FF73AB2EB79]
	BaseThreadInitThunk [0x00007FFA7F177374+20]
	RtlUserThreadStart [0x00007FFA8025CC91+33]

2024-10-28 22:57:47,602 - Alonhadat_Webcrawler - INFO - Extracting from: https://alonhadat.com.vn/ban-gap-nha-dep-6-tang-thang-may-full-noi-that--15345867.html
2024-10-28 22:58:15,221 - Alonhadat_Webcrawler - ERROR - Error occurred while extracting data from page https://alonhadat.com.vn/ban-gap-nha-dep-6-tang-thang-may-full-noi-that--15345867.html: Message: no such element: Unable to locate element: {"method":"xpath","selector":"//div[@class='address']//span[@class='value']"}
  (Session info: chrome=130.0.6723.70); For documentation on this error, please visit: https://www.selenium.dev/documentation/webdriver/troubleshooting/errors#no-such-element-exception
Stacktrace:
	GetHandleVerifier [0x00007FF73ABD3AB5+28005]
	(No symbol) [0x00007FF73AB383B0]
	(No symbol) [0x00007FF73A9D580A]
	(No symbol) [0x00007FF73AA25A3E]
	(No symbol) [0x00007FF73AA25D2C]
	(No symbol) [0x00007FF73AA6EA97]
	(No symbol) [0x00007FF73AA4BA7F]
	(No symbol) [0x00007FF73AA6B8B3]
	(No symbol) [0x00007FF73AA4B7E3]
	(No symbol) [0x00007FF73AA175C8]
	(No symbol) [0x00007FF73AA18731]
	GetHandleVerifier [0x00007FF73AEC643D+3118829]
	GetHandleVerifier [0x00007FF73AF16C90+3448640]
	GetHandleVerifier [0x00007FF73AF0CF0D+3408317]
	GetHandleVerifier [0x00007FF73AC9A40B+841403]
	(No symbol) [0x00007FF73AB4340F]
	(No symbol) [0x00007FF73AB3F484]
	(No symbol) [0x00007FF73AB3F61D]
	(No symbol) [0x00007FF73AB2EB79]
	BaseThreadInitThunk [0x00007FFA7F177374+20]
	RtlUserThreadStart [0x00007FFA8025CC91+33]

2024-10-28 22:58:22,743 - Alonhadat_Webcrawler - INFO - Extracting from: https://alonhadat.com.vn/ban-gap-nha-dep-6-tang-thang-may-full-noi-that--15345867.html
2024-10-28 22:58:50,362 - Alonhadat_Webcrawler - ERROR - Error occurred while extracting data from page https://alonhadat.com.vn/ban-gap-nha-dep-6-tang-thang-may-full-noi-that--15345867.html: Message: no such element: Unable to locate element: {"method":"xpath","selector":"//div[@class='address']//span[@class='value']"}
  (Session info: chrome=130.0.6723.70); For documentation on this error, please visit: https://www.selenium.dev/documentation/webdriver/troubleshooting/errors#no-such-element-exception
Stacktrace:
	GetHandleVerifier [0x00007FF73ABD3AB5+28005]
	(No symbol) [0x00007FF73AB383B0]
	(No symbol) [0x00007FF73A9D580A]
	(No symbol) [0x00007FF73AA25A3E]
	(No symbol) [0x00007FF73AA25D2C]
	(No symbol) [0x00007FF73AA6EA97]
	(No symbol) [0x00007FF73AA4BA7F]
	(No symbol) [0x00007FF73AA6B8B3]
	(No symbol) [0x00007FF73AA4B7E3]
	(No symbol) [0x00007FF73AA175C8]
	(No symbol) [0x00007FF73AA18731]
	GetHandleVerifier [0x00007FF73AEC643D+3118829]
	GetHandleVerifier [0x00007FF73AF16C90+3448640]
	GetHandleVerifier [0x00007FF73AF0CF0D+3408317]
	GetHandleVerifier [0x00007FF73AC9A40B+841403]
	(No symbol) [0x00007FF73AB4340F]
	(No symbol) [0x00007FF73AB3F484]
	(No symbol) [0x00007FF73AB3F61D]
	(No symbol) [0x00007FF73AB2EB79]
	BaseThreadInitThunk [0x00007FFA7F177374+20]
	RtlUserThreadStart [0x00007FFA8025CC91+33]

2024-10-28 22:58:50,364 - Alonhadat_Webcrawler - ERROR - Fail to extract: https://alonhadat.com.vn/ban-gap-nha-dep-6-tang-thang-may-full-noi-that--15345867.html - RetryError[<Future at 0x2555cb8d710 state=finished raised NoSuchElementException>]
2024-10-28 22:58:51,889 - Alonhadat_Webcrawler - INFO - Extracting from: https://alonhadat.com.vn/nha-moi-dap-hop-pho-minh-khai-gan-pho-gan-o-to-tien-ich-day-du-an-sinh-dinh--15121974.html
2024-10-28 22:59:20,303 - Alonhadat_Webcrawler - ERROR - Error occurred while extracting data from page https://alonhadat.com.vn/nha-moi-dap-hop-pho-minh-khai-gan-pho-gan-o-to-tien-ich-day-du-an-sinh-dinh--15121974.html: Message: no such element: Unable to locate element: {"method":"xpath","selector":"//div[@class='address']//span[@class='value']"}
  (Session info: chrome=130.0.6723.70); For documentation on this error, please visit: https://www.selenium.dev/documentation/webdriver/troubleshooting/errors#no-such-element-exception
Stacktrace:
	GetHandleVerifier [0x00007FF73ABD3AB5+28005]
	(No symbol) [0x00007FF73AB383B0]
	(No symbol) [0x00007FF73A9D580A]
	(No symbol) [0x00007FF73AA25A3E]
	(No symbol) [0x00007FF73AA25D2C]
	(No symbol) [0x00007FF73AA6EA97]
	(No symbol) [0x00007FF73AA4BA7F]
	(No symbol) [0x00007FF73AA6B8B3]
	(No symbol) [0x00007FF73AA4B7E3]
	(No symbol) [0x00007FF73AA175C8]
	(No symbol) [0x00007FF73AA18731]
	GetHandleVerifier [0x00007FF73AEC643D+3118829]
	GetHandleVerifier [0x00007FF73AF16C90+3448640]
	GetHandleVerifier [0x00007FF73AF0CF0D+3408317]
	GetHandleVerifier [0x00007FF73AC9A40B+841403]
	(No symbol) [0x00007FF73AB4340F]
	(No symbol) [0x00007FF73AB3F484]
	(No symbol) [0x00007FF73AB3F61D]
	(No symbol) [0x00007FF73AB2EB79]
	BaseThreadInitThunk [0x00007FFA7F177374+20]
	RtlUserThreadStart [0x00007FFA8025CC91+33]

2024-10-28 22:59:27,911 - Alonhadat_Webcrawler - INFO - Extracting from: https://alonhadat.com.vn/nha-moi-dap-hop-pho-minh-khai-gan-pho-gan-o-to-tien-ich-day-du-an-sinh-dinh--15121974.html
2024-10-28 22:59:56,630 - Alonhadat_Webcrawler - ERROR - Error occurred while extracting data from page https://alonhadat.com.vn/nha-moi-dap-hop-pho-minh-khai-gan-pho-gan-o-to-tien-ich-day-du-an-sinh-dinh--15121974.html: Message: no such element: Unable to locate element: {"method":"xpath","selector":"//div[@class='address']//span[@class='value']"}
  (Session info: chrome=130.0.6723.70); For documentation on this error, please visit: https://www.selenium.dev/documentation/webdriver/troubleshooting/errors#no-such-element-exception
Stacktrace:
	GetHandleVerifier [0x00007FF73ABD3AB5+28005]
	(No symbol) [0x00007FF73AB383B0]
	(No symbol) [0x00007FF73A9D580A]
	(No symbol) [0x00007FF73AA25A3E]
	(No symbol) [0x00007FF73AA25D2C]
	(No symbol) [0x00007FF73AA6EA97]
	(No symbol) [0x00007FF73AA4BA7F]
	(No symbol) [0x00007FF73AA6B8B3]
	(No symbol) [0x00007FF73AA4B7E3]
	(No symbol) [0x00007FF73AA175C8]
	(No symbol) [0x00007FF73AA18731]
	GetHandleVerifier [0x00007FF73AEC643D+3118829]
	GetHandleVerifier [0x00007FF73AF16C90+3448640]
	GetHandleVerifier [0x00007FF73AF0CF0D+3408317]
	GetHandleVerifier [0x00007FF73AC9A40B+841403]
	(No symbol) [0x00007FF73AB4340F]
	(No symbol) [0x00007FF73AB3F484]
	(No symbol) [0x00007FF73AB3F61D]
	(No symbol) [0x00007FF73AB2EB79]
	BaseThreadInitThunk [0x00007FFA7F177374+20]
	RtlUserThreadStart [0x00007FFA8025CC91+33]

2024-10-28 23:00:04,143 - Alonhadat_Webcrawler - INFO - Extracting from: https://alonhadat.com.vn/nha-moi-dap-hop-pho-minh-khai-gan-pho-gan-o-to-tien-ich-day-du-an-sinh-dinh--15121974.html
2024-10-28 23:00:29,943 - Alonhadat_Webcrawler - ERROR - Error occurred while extracting data from page https://alonhadat.com.vn/nha-moi-dap-hop-pho-minh-khai-gan-pho-gan-o-to-tien-ich-day-du-an-sinh-dinh--15121974.html: Message: no such element: Unable to locate element: {"method":"xpath","selector":"//div[@class='address']//span[@class='value']"}
  (Session info: chrome=130.0.6723.70); For documentation on this error, please visit: https://www.selenium.dev/documentation/webdriver/troubleshooting/errors#no-such-element-exception
Stacktrace:
	GetHandleVerifier [0x00007FF73ABD3AB5+28005]
	(No symbol) [0x00007FF73AB383B0]
	(No symbol) [0x00007FF73A9D580A]
	(No symbol) [0x00007FF73AA25A3E]
	(No symbol) [0x00007FF73AA25D2C]
	(No symbol) [0x00007FF73AA6EA97]
	(No symbol) [0x00007FF73AA4BA7F]
	(No symbol) [0x00007FF73AA6B8B3]
	(No symbol) [0x00007FF73AA4B7E3]
	(No symbol) [0x00007FF73AA175C8]
	(No symbol) [0x00007FF73AA18731]
	GetHandleVerifier [0x00007FF73AEC643D+3118829]
	GetHandleVerifier [0x00007FF73AF16C90+3448640]
	GetHandleVerifier [0x00007FF73AF0CF0D+3408317]
	GetHandleVerifier [0x00007FF73AC9A40B+841403]
	(No symbol) [0x00007FF73AB4340F]
	(No symbol) [0x00007FF73AB3F484]
	(No symbol) [0x00007FF73AB3F61D]
	(No symbol) [0x00007FF73AB2EB79]
	BaseThreadInitThunk [0x00007FFA7F177374+20]
	RtlUserThreadStart [0x00007FFA8025CC91+33]

2024-10-28 23:00:29,944 - Alonhadat_Webcrawler - ERROR - Fail to extract: https://alonhadat.com.vn/nha-moi-dap-hop-pho-minh-khai-gan-pho-gan-o-to-tien-ich-day-du-an-sinh-dinh--15121974.html - RetryError[<Future at 0x2555cb97350 state=finished raised NoSuchElementException>]
2024-10-28 23:00:31,496 - Alonhadat_Webcrawler - INFO - Extracting from: https://alonhadat.com.vn/biet-thu-mat-tien-nui-thanh-quan-hai-chau-tp-da-nang-110m-ngang-khung-6m-3-tang-3-14830837.html
2024-10-28 23:00:57,273 - Alonhadat_Webcrawler - ERROR - Error occurred while extracting data from page https://alonhadat.com.vn/biet-thu-mat-tien-nui-thanh-quan-hai-chau-tp-da-nang-110m-ngang-khung-6m-3-tang-3-14830837.html: Message: no such element: Unable to locate element: {"method":"xpath","selector":"//div[@class='address']//span[@class='value']"}
  (Session info: chrome=130.0.6723.70); For documentation on this error, please visit: https://www.selenium.dev/documentation/webdriver/troubleshooting/errors#no-such-element-exception
Stacktrace:
	GetHandleVerifier [0x00007FF73ABD3AB5+28005]
	(No symbol) [0x00007FF73AB383B0]
	(No symbol) [0x00007FF73A9D580A]
	(No symbol) [0x00007FF73AA25A3E]
	(No symbol) [0x00007FF73AA25D2C]
	(No symbol) [0x00007FF73AA6EA97]
	(No symbol) [0x00007FF73AA4BA7F]
	(No symbol) [0x00007FF73AA6B8B3]
	(No symbol) [0x00007FF73AA4B7E3]
	(No symbol) [0x00007FF73AA175C8]
	(No symbol) [0x00007FF73AA18731]
	GetHandleVerifier [0x00007FF73AEC643D+3118829]
	GetHandleVerifier [0x00007FF73AF16C90+3448640]
	GetHandleVerifier [0x00007FF73AF0CF0D+3408317]
	GetHandleVerifier [0x00007FF73AC9A40B+841403]
	(No symbol) [0x00007FF73AB4340F]
	(No symbol) [0x00007FF73AB3F484]
	(No symbol) [0x00007FF73AB3F61D]
	(No symbol) [0x00007FF73AB2EB79]
	BaseThreadInitThunk [0x00007FFA7F177374+20]
	RtlUserThreadStart [0x00007FFA8025CC91+33]

2024-10-28 23:01:04,863 - Alonhadat_Webcrawler - INFO - Extracting from: https://alonhadat.com.vn/biet-thu-mat-tien-nui-thanh-quan-hai-chau-tp-da-nang-110m-ngang-khung-6m-3-tang-3-14830837.html
2024-10-28 23:01:32,370 - Alonhadat_Webcrawler - ERROR - Error occurred while extracting data from page https://alonhadat.com.vn/biet-thu-mat-tien-nui-thanh-quan-hai-chau-tp-da-nang-110m-ngang-khung-6m-3-tang-3-14830837.html: Message: no such element: Unable to locate element: {"method":"xpath","selector":"//div[@class='address']//span[@class='value']"}
  (Session info: chrome=130.0.6723.70); For documentation on this error, please visit: https://www.selenium.dev/documentation/webdriver/troubleshooting/errors#no-such-element-exception
Stacktrace:
	GetHandleVerifier [0x00007FF73ABD3AB5+28005]
	(No symbol) [0x00007FF73AB383B0]
	(No symbol) [0x00007FF73A9D580A]
	(No symbol) [0x00007FF73AA25A3E]
	(No symbol) [0x00007FF73AA25D2C]
	(No symbol) [0x00007FF73AA6EA97]
	(No symbol) [0x00007FF73AA4BA7F]
	(No symbol) [0x00007FF73AA6B8B3]
	(No symbol) [0x00007FF73AA4B7E3]
	(No symbol) [0x00007FF73AA175C8]
	(No symbol) [0x00007FF73AA18731]
	GetHandleVerifier [0x00007FF73AEC643D+3118829]
	GetHandleVerifier [0x00007FF73AF16C90+3448640]
	GetHandleVerifier [0x00007FF73AF0CF0D+3408317]
	GetHandleVerifier [0x00007FF73AC9A40B+841403]
	(No symbol) [0x00007FF73AB4340F]
	(No symbol) [0x00007FF73AB3F484]
	(No symbol) [0x00007FF73AB3F61D]
	(No symbol) [0x00007FF73AB2EB79]
	BaseThreadInitThunk [0x00007FFA7F177374+20]
	RtlUserThreadStart [0x00007FFA8025CC91+33]

2024-10-28 23:01:40,003 - Alonhadat_Webcrawler - INFO - Extracting from: https://alonhadat.com.vn/biet-thu-mat-tien-nui-thanh-quan-hai-chau-tp-da-nang-110m-ngang-khung-6m-3-tang-3-14830837.html
2024-10-28 23:02:10,817 - Alonhadat_Webcrawler - ERROR - Error occurred while extracting data from page https://alonhadat.com.vn/biet-thu-mat-tien-nui-thanh-quan-hai-chau-tp-da-nang-110m-ngang-khung-6m-3-tang-3-14830837.html: Message: no such element: Unable to locate element: {"method":"xpath","selector":"//div[@class='address']//span[@class='value']"}
  (Session info: chrome=130.0.6723.70); For documentation on this error, please visit: https://www.selenium.dev/documentation/webdriver/troubleshooting/errors#no-such-element-exception
Stacktrace:
	GetHandleVerifier [0x00007FF73ABD3AB5+28005]
	(No symbol) [0x00007FF73AB383B0]
	(No symbol) [0x00007FF73A9D580A]
	(No symbol) [0x00007FF73AA25A3E]
	(No symbol) [0x00007FF73AA25D2C]
	(No symbol) [0x00007FF73AA6EA97]
	(No symbol) [0x00007FF73AA4BA7F]
	(No symbol) [0x00007FF73AA6B8B3]
	(No symbol) [0x00007FF73AA4B7E3]
	(No symbol) [0x00007FF73AA175C8]
	(No symbol) [0x00007FF73AA18731]
	GetHandleVerifier [0x00007FF73AEC643D+3118829]
	GetHandleVerifier [0x00007FF73AF16C90+3448640]
	GetHandleVerifier [0x00007FF73AF0CF0D+3408317]
	GetHandleVerifier [0x00007FF73AC9A40B+841403]
	(No symbol) [0x00007FF73AB4340F]
	(No symbol) [0x00007FF73AB3F484]
	(No symbol) [0x00007FF73AB3F61D]
	(No symbol) [0x00007FF73AB2EB79]
	BaseThreadInitThunk [0x00007FFA7F177374+20]
	RtlUserThreadStart [0x00007FFA8025CC91+33]

2024-10-28 23:02:10,820 - Alonhadat_Webcrawler - ERROR - Fail to extract: https://alonhadat.com.vn/biet-thu-mat-tien-nui-thanh-quan-hai-chau-tp-da-nang-110m-ngang-khung-6m-3-tang-3-14830837.html - RetryError[<Future at 0x2555cb97890 state=finished raised NoSuchElementException>]
2024-10-28 23:02:12,338 - Alonhadat_Webcrawler - INFO - Extracting from: https://alonhadat.com.vn/ket-tien-sang-gap-2200m2-dat-duong-18m-rong-thang-vao-khu-cong-nghiep-cho-gia-190-tr-so-15307902.html
2024-10-28 23:02:41,681 - Alonhadat_Webcrawler - INFO - Extracting from: https://alonhadat.com.vn/vo-no-ban-gap-2291m2-so-rieng-ngay-thi-xa-sat-cho-dan-dong-duong-18m-gia-290tr-14906534.html
2024-10-28 23:03:06,899 - root - INFO - Completed scraping AlonhadatWebCrawler
2024-10-28 23:03:06,901 - root - INFO - Data saved to data/alonhatdat.json
2024-10-28 23:06:34,797 - root - INFO - Starting crawler AlonhadatWebCrawler
2024-10-28 23:06:34,800 - Alonhadat_Webcrawler - INFO - Initialized batdongsan.com.vn with 1 pages and base URL: https://alonhadat.com.vn/nha-dat/can-ban.html
2024-10-28 23:06:43,326 - Alonhadat_Webcrawler - INFO - Process ended with total of 1 pages
2024-10-28 23:06:44,724 - Alonhadat_Webcrawler - INFO - Extracting from: https://alonhadat.com.vn/-ban-gap-nha-ngay-cho-binh-chanh-dang-cho-thue-7-5tr-th-120m2-630tr-15300231.html
2024-10-28 23:07:05,434 - Alonhadat_Webcrawler - INFO - Extracting from: https://alonhadat.com.vn/kd-thua-lo-ban-gap-manh-vuon-2002m2-vuong-vuc-gan-cho-nam-giua-3-kcn-gia-199-trieu-shr-14574888.html
2024-10-28 23:07:27,804 - Alonhadat_Webcrawler - INFO - Extracting from: https://alonhadat.com.vn/cat-lo-nen-dat-2800m2-tho-cu-shr-290-trieu-gia-bao-so-mt-duong-tinh-lo-canh-cho-uy-ban-14247377.html
2024-10-28 23:07:51,749 - Alonhadat_Webcrawler - INFO - Extracting from: https://alonhadat.com.vn/-dat-ngop-dau-tu-da-nganh-3-500m2-gia-105-trieu-sat-cho-ql-13-hay-goi-nhanh--14698153.html
2024-10-28 23:08:15,777 - Alonhadat_Webcrawler - INFO - Extracting from: https://alonhadat.com.vn/ban-nha-dep-bach-mai-30m-ra-pho-4-tang-35m2-5-3-ty-15339608.html
2024-10-28 23:08:37,793 - Alonhadat_Webcrawler - INFO - Extracting from: https://alonhadat.com.vn/vietinbank-bao-lanh-thanh-toan-0-dong-den-khi-nhan-nha-peninsula-dn-chiet-khau-18-1ty45-15342950.html
2024-10-28 23:09:01,758 - Alonhadat_Webcrawler - INFO - Extracting from: https://alonhadat.com.vn/ban-nha-mat-tien-dang-kinh-doanh-88-4m2-gia-900tr-ngay-sau-cho-so-hong-rieng-14143306.html
2024-10-28 23:09:27,930 - Alonhadat_Webcrawler - INFO - Extracting from: https://alonhadat.com.vn/vip-cau-giay-toa-nha-van-phong-2-mat-thoang-dt-117m2x-10t-mt-9-6m-gia-70-ty-co-bot-15351778.html
2024-10-28 23:09:47,970 - Alonhadat_Webcrawler - INFO - Extracting from: https://alonhadat.com.vn/nha-2-tang-mat-tien-duong-3-thang-2-gia-giam-manh-15350794.html
2024-10-28 23:10:10,703 - Alonhadat_Webcrawler - INFO - Extracting from: https://alonhadat.com.vn/ket-tien-ban-goc-2mt-1680m2-dat-duong-rong-18m-ngay-kcn-truong-hoc-cho-gia-240-trieu-so-15187892.html
2024-10-28 23:10:33,202 - Alonhadat_Webcrawler - INFO - Extracting from: https://alonhadat.com.vn/nha-moi-xay-tang-goi-noi-that-100tr-so-rieng-ngan-hang-cho-vay-70--15053795.html
2024-10-28 23:10:54,847 - Alonhadat_Webcrawler - INFO - Extracting from: https://alonhadat.com.vn/nha-quang-trung-go-vap-gan-san-bay-tan-son-nhat-za-5t5-15347921.html
2024-10-28 23:11:16,617 - Alonhadat_Webcrawler - INFO - Extracting from: https://alonhadat.com.vn/nha-vi-tri-dep-gia-tot-nhat-khu-vuc-binh-hung-hoa-b-duong-xe-tai-ngay-khu-cong-nghiep-15329375.html
2024-10-28 23:11:36,428 - Alonhadat_Webcrawler - INFO - Extracting from: https://alonhadat.com.vn/ban-nha-4-tang-mt-duong-dien-bien-phu-chinh-gian-thanh-khe-dt-5m-x-20m-gia-13-5-ty-tl-15349576.html
2024-10-28 23:11:56,295 - Alonhadat_Webcrawler - INFO - Extracting from: https://alonhadat.com.vn/tam-tien-hiem-cong-nang-qua-dinh-gia-qua-ngon-o-to-20m-khong-quy-hoach-15175334.html
2024-10-28 23:12:18,560 - Alonhadat_Webcrawler - INFO - Extracting from: https://alonhadat.com.vn/ban-gap-nha-dep-6-tang-thang-may-full-noi-that--15345867.html
2024-10-28 23:12:41,330 - Alonhadat_Webcrawler - INFO - Extracting from: https://alonhadat.com.vn/nha-moi-dap-hop-pho-minh-khai-gan-pho-gan-o-to-tien-ich-day-du-an-sinh-dinh--15121974.html
2024-10-28 23:13:01,431 - Alonhadat_Webcrawler - INFO - Extracting from: https://alonhadat.com.vn/biet-thu-mat-tien-nui-thanh-quan-hai-chau-tp-da-nang-110m-ngang-khung-6m-3-tang-3-14830837.html
2024-10-28 23:13:21,304 - Alonhadat_Webcrawler - INFO - Extracting from: https://alonhadat.com.vn/ket-tien-sang-gap-2200m2-dat-duong-18m-rong-thang-vao-khu-cong-nghiep-cho-gia-190-tr-so-15307902.html
2024-10-28 23:13:41,045 - Alonhadat_Webcrawler - INFO - Extracting from: https://alonhadat.com.vn/vo-no-ban-gap-2291m2-so-rieng-ngay-thi-xa-sat-cho-dan-dong-duong-18m-gia-290tr-14906534.html
2024-10-28 23:14:01,534 - root - INFO - Completed scraping AlonhadatWebCrawler
2024-10-28 23:14:01,540 - root - INFO - Data saved to data/alonhatdat.json
2024-10-29 21:28:12,806 - root - INFO - Starting crawler AlonhadatWebCrawler
2024-10-29 21:28:12,835 - Alonhadat_Webcrawler - INFO - Initialized alonhadat.com.vn with 1 pages and base URL: https://alonhadat.com.vn/nha-dat/can-ban.html
2024-10-29 21:28:23,329 - Alonhadat_Webcrawler - INFO - Process ended with total of 1 pages
2024-10-29 21:28:27,078 - Alonhadat_Webcrawler - INFO - Extracting from: https://alonhadat.com.vn/-ban-gap-nha-ngay-cho-binh-chanh-dang-cho-thue-7-5tr-th-120m2-630tr-15300231.html
2024-10-29 21:28:37,259 - Alonhadat_Webcrawler - INFO - Extracting from: https://alonhadat.com.vn/ban-nha-mat-tien-dang-kinh-doanh-88-4m2-gia-900tr-ngay-sau-cho-so-hong-rieng-14143306.html
2024-10-29 21:28:47,413 - Alonhadat_Webcrawler - INFO - Extracting from: https://alonhadat.com.vn/-ban-nha-binh-tan-sat-ben-ten-lua-nha-5x18m-90m2-canh-cong-vien-gia-chi-9-x-ty-15352635.html
2024-10-29 21:28:57,639 - Alonhadat_Webcrawler - INFO - Extracting from: https://alonhadat.com.vn/ban-san-van-phong-hang-a-quan-hai-ba-trung-dien-tich-tu-150m-15353263.html
2024-10-29 21:29:07,698 - Alonhadat_Webcrawler - INFO - Extracting from: https://alonhadat.com.vn/biet-thu-3-tang-2-mat-tien-duong-au-co-kinh-doanh-sam-uat-14991803.html
2024-10-29 21:29:17,696 - Alonhadat_Webcrawler - INFO - Extracting from: https://alonhadat.com.vn/doi-can-ban-nha-50m2-mat-ngo-via-he-o-to-tranh-thang-may-can-goc-gia-15-5-ty-15346234.html
2024-10-29 21:29:27,726 - Alonhadat_Webcrawler - INFO - Extracting from: https://alonhadat.com.vn/dat-full-tho-cu-so-hong-rieng-mt-duong-10m-khu-dan-cu-giap-sai-gon-258m2-12x21-5-gia-4ty-15249228.html
2024-10-29 21:29:37,890 - Alonhadat_Webcrawler - INFO - Extracting from: https://alonhadat.com.vn/ket-tien-ban-goc-2mt-1680m2-dat-duong-rong-18m-ngay-kcn-truong-hoc-cho-gia-240-trieu-so-15187892.html
2024-10-29 21:29:47,810 - Alonhadat_Webcrawler - INFO - Extracting from: https://alonhadat.com.vn/ket-von-ban-3-so-15x55-826-2m2-gia-260tr-nam-ngay-thi-xa-gan-2kcn-dan-cu-dong-3-15314285.html
2024-10-29 21:29:57,935 - Alonhadat_Webcrawler - INFO - Extracting from: https://alonhadat.com.vn/ban-nha-binh-chanh-mat-tien-so-hong-rieng-gia-1-ty-1-15356103.html
2024-10-29 21:30:08,039 - Alonhadat_Webcrawler - INFO - Extracting from: https://alonhadat.com.vn/ban-lo-dat-mat-tien-duong-nhua-ke-lo-goc-147m2-thong-ra-khu-cho-dau-moi-td-13788248.html
2024-10-29 21:30:18,031 - Alonhadat_Webcrawler - INFO - Extracting from: https://alonhadat.com.vn/-dat-ngop-dau-tu-da-nganh-3-500m2-gia-105-trieu-sat-cho-ql-13-hay-goi-nhanh--14698153.html
2024-10-29 21:30:28,185 - Alonhadat_Webcrawler - INFO - Extracting from: https://alonhadat.com.vn/ban-nha-4-tang-mt-duong-dien-bien-phu-chinh-gian-thanh-khe-dt-5m-x-20m-gia-13-5-ty-tl-15349576.html
2024-10-29 21:30:38,422 - Alonhadat_Webcrawler - INFO - Extracting from: https://alonhadat.com.vn/ket-tien-sang-gap-2200m2-dat-duong-18m-rong-thang-vao-khu-cong-nghiep-cho-gia-190-tr-so-15307902.html
2024-10-29 21:30:48,557 - Alonhadat_Webcrawler - INFO - Extracting from: https://alonhadat.com.vn/vip-cau-giay-toa-nha-van-phong-2-mat-thoang-dt-117m2x-10t-mt-9-6m-gia-70-ty-co-bot-15351778.html
2024-10-29 21:30:58,817 - Alonhadat_Webcrawler - INFO - Extracting from: https://alonhadat.com.vn/nha-dep-3-tang-cap-hong-tin-h-lo-10-kh-u-te-n-lu-a-4x15m--15129960.html
2024-10-29 21:31:08,945 - Alonhadat_Webcrawler - INFO - Extracting from: https://alonhadat.com.vn/chi-880-trieu-la-anh-chi-da-so-huu-ngay-bds-duong-nhua-kcn-dat-do-ngang-10x30m-tho-cu-80-15354398.html
2024-10-29 21:31:19,080 - Alonhadat_Webcrawler - INFO - Extracting from: https://alonhadat.com.vn/ban-nha-em-mat-pho-ngoc-lam-long-bien-gan-nga-tu-vip-60m2-x3t-xmt-8m-oto-kinh-doanh-13-8-15308102.html
2024-10-29 21:31:29,205 - Alonhadat_Webcrawler - INFO - Extracting from: https://alonhadat.com.vn/ban-nha-moi-cung-thanh-xuan-sat-pho-lo-goc-o-to-do-cong-kd-vptot-45m2-x-6t-chi-12-5-ty-15283942.html
2024-10-29 21:31:39,259 - Alonhadat_Webcrawler - INFO - Extracting from: https://alonhadat.com.vn/ban-dat-tang-nha-ngo-279-doi-can-ba-dinh-gan-lang-bac-22-30m2-x-2t-lo-goc-ba-gac-3-6-ty-15248139.html
2024-10-29 21:31:52,404 - root - INFO - Completed scraping AlonhadatWebCrawler
2024-10-29 21:31:52,409 - root - INFO - Data saved to data/alonhatdat.json
